# JRE version: Java(TM) SE Runtime Environment (8.0_45-b14) (build 1.8.0_45-b14)
# Java VM: Java HotSpot(TM) 64-Bit Server VM (25.45-b02 mixed mode linux-amd64 compressed oops)
Heap:
 PSYoungGen      total 128000K, used 0K [0x00000000ebc00000, 0x00000000f3b00000, 0x0000000100000000)
  eden space 126464K, 0% used [0x00000000ebc00000,0x00000000ebc00000,0x00000000f3780000)
  from space 1536K, 0% used [0x00000000f3780000,0x00000000f3780000,0x00000000f3900000)
  to   space 1024K, 0% used [0x00000000f3900000,0x00000000f3900000,0x00000000f3a00000)
 ParOldGen       total 42496K, used 688K [0x00000000c3400000, 0x00000000c5d80000, 0x00000000ebc00000)
  object space 42496K, 1% used [0x00000000c3400000,0x00000000c34ac070,0x00000000c5d80000)
 Metaspace       used 3828K, capacity 4680K, committed 4864K, reserved 1056768K
  class space    used 419K, capacity 432K, committed 512K, reserved 1048576K
GC Heap History (10 events):
Event: 14,939 GC heap after
Heap after GC invocations=4 (full 0):
 PSYoungGen      total 34304K, used 768K [0x00000000ebc00000, 0x00000000ee000000, 0x0000000100000000)
  eden space 31744K, 0% used [0x00000000ebc00000,0x00000000ebc00000,0x00000000edb00000)
  from space 2560K, 30% used [0x00000000edd80000,0x00000000ede40020,0x00000000ee000000)
  to   space 2560K, 0% used [0x00000000edb00000,0x00000000edb00000,0x00000000edd80000)
 ParOldGen       total 42496K, used 16K [0x00000000c3400000, 0x00000000c5d80000, 0x00000000ebc00000)
  object space 42496K, 0% used [0x00000000c3400000,0x00000000c3404000,0x00000000c5d80000)
 Metaspace       used 3828K, capacity 4680K, committed 4864K, reserved 1056768K
  class space    used 419K, capacity 432K, committed 512K, reserved 1048576K
}
Event: 16,034 GC heap before
{Heap before GC invocations=5 (full 0):
 PSYoungGen      total 34304K, used 32512K [0x00000000ebc00000, 0x00000000ee000000, 0x0000000100000000)
  eden space 31744K, 100% used [0x00000000ebc00000,0x00000000edb00000,0x00000000edb00000)
  from space 2560K, 30% used [0x00000000edd80000,0x00000000ede40020,0x00000000ee000000)
  to   space 2560K, 0% used [0x00000000edb00000,0x00000000edb00000,0x00000000edd80000)
 ParOldGen       total 42496K, used 16K [0x00000000c3400000, 0x00000000c5d80000, 0x00000000ebc00000)
  object space 42496K, 0% used [0x00000000c3400000,0x00000000c3404000,0x00000000c5d80000)
 Metaspace       used 3828K, capacity 4680K, committed 4864K, reserved 1056768K
  class space    used 419K, capacity 432K, committed 512K, reserved 1048576K
Event: 16,037 GC heap after
Heap after GC invocations=5 (full 0):
 PSYoungGen      total 34304K, used 672K [0x00000000ebc00000, 0x00000000efc00000, 0x0000000100000000)
  eden space 31744K, 0% used [0x00000000ebc00000,0x00000000ebc00000,0x00000000edb00000)
  from space 2560K, 26% used [0x00000000edb00000,0x00000000edba8020,0x00000000edd80000)
  to   space 1024K, 0% used [0x00000000efb00000,0x00000000efb00000,0x00000000efc00000)
 ParOldGen       total 42496K, used 16K [0x00000000c3400000, 0x00000000c5d80000, 0x00000000ebc00000)
  object space 42496K, 0% used [0x00000000c3400000,0x00000000c3404000,0x00000000c5d80000)
 Metaspace       used 3828K, capacity 4680K, committed 4864K, reserved 1056768K
  class space    used 419K, capacity 432K, committed 512K, reserved 1048576K
}
Event: 16,934 GC heap before
{Heap before GC invocations=6 (full 0):
 PSYoungGen      total 34304K, used 32416K [0x00000000ebc00000, 0x00000000efc00000, 0x0000000100000000)
  eden space 31744K, 100% used [0x00000000ebc00000,0x00000000edb00000,0x00000000edb00000)
  from space 2560K, 26% used [0x00000000edb00000,0x00000000edba8020,0x00000000edd80000)
  to   space 1024K, 0% used [0x00000000efb00000,0x00000000efb00000,0x00000000efc00000)
 ParOldGen       total 42496K, used 16K [0x00000000c3400000, 0x00000000c5d80000, 0x00000000ebc00000)
  object space 42496K, 0% used [0x00000000c3400000,0x00000000c3404000,0x00000000c5d80000)
 Metaspace       used 3828K, capacity 4680K, committed 4864K, reserved 1056768K
  class space    used 419K, capacity 432K, committed 512K, reserved 1048576K
Event: 16,954 GC heap after
Heap after GC invocations=6 (full 0):
 PSYoungGen      total 64512K, used 752K [0x00000000ebc00000, 0x00000000efc00000, 0x0000000100000000)
  eden space 63488K, 0% used [0x00000000ebc00000,0x00000000ebc00000,0x00000000efa00000)
  from space 1024K, 73% used [0x00000000efb00000,0x00000000efbbc010,0x00000000efc00000)
  to   space 1024K, 0% used [0x00000000efa00000,0x00000000efa00000,0x00000000efb00000)
 ParOldGen       total 42496K, used 16K [0x00000000c3400000, 0x00000000c5d80000, 0x00000000ebc00000)
  object space 42496K, 0% used [0x00000000c3400000,0x00000000c3404000,0x00000000c5d80000)
 Metaspace       used 3828K, capacity 4680K, committed 4864K, reserved 1056768K
  class space    used 419K, capacity 432K, committed 512K, reserved 1048576K
}
Event: 18,824 GC heap before
{Heap before GC invocations=7 (full 0):
 PSYoungGen      total 64512K, used 64240K [0x00000000ebc00000, 0x00000000efc00000, 0x0000000100000000)
  eden space 63488K, 100% used [0x00000000ebc00000,0x00000000efa00000,0x00000000efa00000)
  from space 1024K, 73% used [0x00000000efb00000,0x00000000efbbc010,0x00000000efc00000)
  to   space 1024K, 0% used [0x00000000efa00000,0x00000000efa00000,0x00000000efb00000)
 ParOldGen       total 42496K, used 16K [0x00000000c3400000, 0x00000000c5d80000, 0x00000000ebc00000)
  object space 42496K, 0% used [0x00000000c3400000,0x00000000c3404000,0x00000000c5d80000)
 Metaspace       used 3828K, capacity 4680K, committed 4864K, reserved 1056768K
  class space    used 419K, capacity 432K, committed 512K, reserved 1048576K
Event: 18,827 GC heap after
Heap after GC invocations=7 (full 0):
 PSYoungGen      total 64512K, used 0K [0x00000000ebc00000, 0x00000000f3a00000, 0x0000000100000000)
  eden space 63488K, 0% used [0x00000000ebc00000,0x00000000ebc00000,0x00000000efa00000)
  from space 1024K, 0% used [0x00000000efa00000,0x00000000efa00000,0x00000000efb00000)
  to   space 1024K, 0% used [0x00000000f3900000,0x00000000f3900000,0x00000000f3a00000)
 ParOldGen       total 42496K, used 688K [0x00000000c3400000, 0x00000000c5d80000, 0x00000000ebc00000)
  object space 42496K, 1% used [0x00000000c3400000,0x00000000c34ac070,0x00000000c5d80000)
 Metaspace       used 3828K, capacity 4680K, committed 4864K, reserved 1056768K
  class space    used 419K, capacity 432K, committed 512K, reserved 1048576K
}
Event: 20,566 GC heap before
{Heap before GC invocations=8 (full 0):
 PSYoungGen      total 64512K, used 63488K [0x00000000ebc00000, 0x00000000f3a00000, 0x0000000100000000)
  eden space 63488K, 100% used [0x00000000ebc00000,0x00000000efa00000,0x00000000efa00000)
  from space 1024K, 0% used [0x00000000efa00000,0x00000000efa00000,0x00000000efb00000)
  to   space 1024K, 0% used [0x00000000f3900000,0x00000000f3900000,0x00000000f3a00000)
 ParOldGen       total 42496K, used 688K [0x00000000c3400000, 0x00000000c5d80000, 0x00000000ebc00000)
  object space 42496K, 1% used [0x00000000c3400000,0x00000000c34ac070,0x00000000c5d80000)
 Metaspace       used 3828K, capacity 4680K, committed 4864K, reserved 1056768K
  class space    used 419K, capacity 432K, committed 512K, reserved 1048576K
Event: 20,567 GC heap after
Heap after GC invocations=8 (full 0):
 PSYoungGen      total 127488K, used 0K [0x00000000ebc00000, 0x00000000f3b00000, 0x0000000100000000)
  eden space 126464K, 0% used [0x00000000ebc00000,0x00000000ebc00000,0x00000000f3780000)
  from space 1024K, 0% used [0x00000000f3900000,0x00000000f3900000,0x00000000f3a00000)
  to   space 1536K, 0% used [0x00000000f3780000,0x00000000f3780000,0x00000000f3900000)
 ParOldGen       total 42496K, used 688K [0x00000000c3400000, 0x00000000c5d80000, 0x00000000ebc00000)
  object space 42496K, 1% used [0x00000000c3400000,0x00000000c34ac070,0x00000000c5d80000)
 Metaspace       used 3828K, capacity 4680K, committed 4864K, reserved 1056768K
  class space    used 419K, capacity 432K, committed 512K, reserved 1048576K
}
Event: 24,528 GC heap before
{Heap before GC invocations=9 (full 0):
 PSYoungGen      total 127488K, used 126464K [0x00000000ebc00000, 0x00000000f3b00000, 0x0000000100000000)
  eden space 126464K, 100% used [0x00000000ebc00000,0x00000000f3780000,0x00000000f3780000)
  from space 1024K, 0% used [0x00000000f3900000,0x00000000f3900000,0x00000000f3a00000)
  to   space 1536K, 0% used [0x00000000f3780000,0x00000000f3780000,0x00000000f3900000)
 ParOldGen       total 42496K, used 688K [0x00000000c3400000, 0x00000000c5d80000, 0x00000000ebc00000)
  object space 42496K, 1% used [0x00000000c3400000,0x00000000c34ac070,0x00000000c5d80000)
 Metaspace       used 3828K, capacity 4680K, committed 4864K, reserved 1056768K
  class space    used 419K, capacity 432K, committed 512K, reserved 1048576K

